This is TeX, Version 3.14159 (Web2C 7.4.5) (format=latex 2003.4.22)  17 JUL 2004 18:39
**./images.tex
(./images.tex
LaTeX2e <2001/06/01>
Babel <v3.7h> and hyphenation patterns for american, french, german, ngerman, n
ohyphenation, loaded.


(/a/cortex.amtp.cam.ac.uk/applic/i486.linux/tetex-202/share/texmf/tex/latex/bas
e/book.cls
Document Class: book 2001/04/21 v1.4e Standard LaTeX document class

(/a/cortex.amtp.cam.ac.uk/applic/i486.linux/tetex-202/share/texmf/tex/latex/bas
e/bk10.clo
File: bk10.clo 2001/04/21 v1.4e Standard LaTeX file (size option)
)
\c@part=\count79
\c@chapter=\count80
\c@section=\count81
\c@subsection=\count82
\c@subsubsection=\count83
\c@paragraph=\count84
\c@subparagraph=\count85
\c@figure=\count86
\c@table=\count87
\abovecaptionskip=\skip41
\belowcaptionskip=\skip42
\bibindent=\dimen102
)
(/a/cortex.amtp.cam.ac.uk/applic/i486.linux/tetex-202/share/texmf/tex/latex/bas
e/ifthen.sty
Package: ifthen 2001/05/26 v1.1c Standard LaTeX ifthen package (DPC)
)
(/a/cortex.amtp.cam.ac.uk/applic/i486.linux/tetex-202/share/texmf/tex/latex/psn
fss/times.sty
Package: times 2002/09/08 PSNFSS-v9.0a (SPQR) 
)
(/a/cortex.amtp.cam.ac.uk/applic/i486.linux/tetex-202/share/texmf/tex/latex/ams
fonts/amssymb.sty
Package: amssymb 2002/01/22 v2.2d

(/a/cortex.amtp.cam.ac.uk/applic/i486.linux/tetex-202/share/texmf/tex/latex/ams
fonts/amsfonts.sty
Package: amsfonts 2001/10/25 v2.2f
\@emptytoks=\toks14
\symAMSa=\mathgroup4
\symAMSb=\mathgroup5
LaTeX Font Info:    Overwriting math alphabet `\mathfrak' in version `bold'
(Font)                  U/euf/m/n --> U/euf/b/n on input line 132.
))
(/a/cortex.amtp.cam.ac.uk/applic/i486.linux/tetex-202/share/texmf/tex/latex/ams
math/amsmath.sty
Package: amsmath 2000/07/18 v2.13 AMS math features
\@mathmargin=\skip43
For additional information on amsmath, use the `?' option.

(/a/cortex.amtp.cam.ac.uk/applic/i486.linux/tetex-202/share/texmf/tex/latex/ams
math/amstext.sty
Package: amstext 2000/06/29 v2.01

(/a/cortex.amtp.cam.ac.uk/applic/i486.linux/tetex-202/share/texmf/tex/latex/ams
math/amsgen.sty
File: amsgen.sty 1999/11/30 v2.0
\@emptytoks=\toks15
\ex@=\dimen103
))
(/a/cortex.amtp.cam.ac.uk/applic/i486.linux/tetex-202/share/texmf/tex/latex/ams
math/amsbsy.sty
Package: amsbsy 1999/11/29 v1.2d
\pmbraise@=\dimen104
)
(/a/cortex.amtp.cam.ac.uk/applic/i486.linux/tetex-202/share/texmf/tex/latex/ams
math/amsopn.sty
Package: amsopn 1999/12/14 v2.01 operator names
)
\inf@bad=\count88
LaTeX Info: Redefining \frac on input line 211.
\uproot@=\count89
\leftroot@=\count90
LaTeX Info: Redefining \overline on input line 307.
\classnum@=\count91
\DOTSCASE@=\count92
LaTeX Info: Redefining \ldots on input line 379.
LaTeX Info: Redefining \dots on input line 382.
LaTeX Info: Redefining \cdots on input line 467.
\Mathstrutbox@=\box26
\strutbox@=\box27
\big@size=\dimen105
LaTeX Font Info:    Redeclaring font encoding OML on input line 567.
LaTeX Font Info:    Redeclaring font encoding OMS on input line 568.
\macc@depth=\count93
\c@MaxMatrixCols=\count94
\dotsspace@=\muskip10
\c@parentequation=\count95
\dspbrk@lvl=\count96
\tag@help=\toks16
\row@=\count97
\column@=\count98
\maxfields@=\count99
\andhelp@=\toks17
\eqnshift@=\dimen106
\alignsep@=\dimen107
\tagshift@=\dimen108
\tagwidth@=\dimen109
\totwidth@=\dimen110
\lineht@=\dimen111
\@envbody=\toks18
\multlinegap=\skip44
\multlinetaggap=\skip45
\mathdisplay@stack=\toks19
LaTeX Info: Redefining \[ on input line 2666.
LaTeX Info: Redefining \] on input line 2667.
)
(/a/cortex.amtp.cam.ac.uk/applic/i486.linux/tetex-202/share/texmf/tex/latex/gra
phics/epsfig.sty
Package: epsfig 1999/02/16 v1.7a (e)psfig emulation (SPQR)

(/a/cortex.amtp.cam.ac.uk/applic/i486.linux/tetex-202/share/texmf/tex/latex/gra
phics/graphicx.sty
Package: graphicx 1999/02/16 v1.0f Enhanced LaTeX Graphics (DPC,SPQR)

(/a/cortex.amtp.cam.ac.uk/applic/i486.linux/tetex-202/share/texmf/tex/latex/gra
phics/keyval.sty
Package: keyval 1999/03/16 v1.13 key=value parser (DPC)
\KV@toks@=\toks20
)
(/a/cortex.amtp.cam.ac.uk/applic/i486.linux/tetex-202/share/texmf/tex/latex/gra
phics/graphics.sty
Package: graphics 2001/07/07 v1.0n Standard LaTeX Graphics (DPC,SPQR)

(/a/cortex.amtp.cam.ac.uk/applic/i486.linux/tetex-202/share/texmf/tex/latex/gra
phics/trig.sty
Package: trig 1999/03/16 v1.09 sin cos tan (DPC)
)
(/a/cortex.amtp.cam.ac.uk/applic/i486.linux/tetex-202/share/texmf/tex/latex/con
fig/graphics.cfg
File: graphics.cfg 2001/08/31 v1.1 graphics configuration of teTeX/TeXLive
)
Package graphics Info: Driver file: dvips.def on input line 80.

(/a/cortex.amtp.cam.ac.uk/applic/i486.linux/tetex-202/share/texmf/tex/latex/gra
phics/dvips.def
File: dvips.def 1999/02/16 v3.0i Driver-dependant file (DPC,SPQR)
))
\Gin@req@height=\dimen112
\Gin@req@width=\dimen113
)
\epsfxsize=\dimen114
\epsfysize=\dimen115
)
(/a/cortex.amtp.cam.ac.uk/applic/i486.linux/tetex-202/share/texmf/tex/latex/nat
bib/natbib.sty
Package: natbib 2000/07/24 7.0a (PWD)
\bibhang=\skip46
\bibsep=\skip47
LaTeX Info: Redefining \cite on input line 508.
\c@NAT@ctr=\count100
)
(/a/cortex.amtp.cam.ac.uk/applic/i486.linux/tetex-202/share/texmf/tex/latex/mis
c/a4wide.sty
Package: a4wide 1994/08/30

(/a/cortex.amtp.cam.ac.uk/applic/i486.linux/tetex-202/share/texmf/tex/latex/ntg
class/a4.sty
Package: a4 1999/03/03 v1.2f A4 based page layout
))
(/a/cortex.amtp.cam.ac.uk/applic/i486.linux/tetex-202/share/texmf/tex/latex/bas
e/t1enc.sty
Package: t1enc 1994/06/01 Standard LaTeX package
)
(/a/cortex.amtp.cam.ac.uk/applic/i486.linux/tetex-202/share/texmf/tex/latex/gra
phics/color.sty
Package: color 1999/02/16 v1.0i Standard LaTeX Color (DPC)

(/a/cortex.amtp.cam.ac.uk/applic/i486.linux/tetex-202/share/texmf/tex/latex/con
fig/color.cfg
File: color.cfg 2001/08/31 v1.1 color configuration of teTeX/TeXLive
)
Package color Info: Driver file: dvips.def on input line 125.

(/a/cortex.amtp.cam.ac.uk/applic/i486.linux/tetex-202/share/texmf/tex/latex/gra
phics/dvipsnam.def
File: dvipsnam.def 1999/02/16 v3.0i Driver-dependant file (DPC,SPQR)
))
(/a/cortex.amtp.cam.ac.uk/applic/i486.linux/tetex-202/share/texmf/tex/latex/bas
e/inputenc.sty
Package: inputenc 2001/07/10 v0.99a Input encoding file 

(/a/cortex.amtp.cam.ac.uk/applic/i486.linux/tetex-202/share/texmf/tex/latex/bas
e/latin1.def
File: latin1.def 2001/07/10 v0.99a Input encoding file 
))
\sizebox=\box28
\lthtmlwrite=\write3
(./images.aux)
\openout1 = `images.aux'.

LaTeX Font Info:    Checking defaults for OML/cmm/m/it on input line 138.
LaTeX Font Info:    ... okay on input line 138.
LaTeX Font Info:    Checking defaults for T1/cmr/m/n on input line 138.
LaTeX Font Info:    ... okay on input line 138.
LaTeX Font Info:    Checking defaults for OT1/cmr/m/n on input line 138.
LaTeX Font Info:    ... okay on input line 138.
LaTeX Font Info:    Checking defaults for OMS/cmsy/m/n on input line 138.
LaTeX Font Info:    ... okay on input line 138.
LaTeX Font Info:    Checking defaults for OMX/cmex/m/n on input line 138.
LaTeX Font Info:    ... okay on input line 138.
LaTeX Font Info:    Checking defaults for U/cmr/m/n on input line 138.
LaTeX Font Info:    ... okay on input line 138.
LaTeX Font Info:    Try loading font information for T1+ptm on input line 138.

(/a/cortex.amtp.cam.ac.uk/applic/i486.linux/tetex-202/share/texmf/tex/latex/psn
fss/t1ptm.fd
File: t1ptm.fd 2001/06/04 font definitions for T1/ptm.
)

latex2htmlLength hsize=349.0pt

latex2htmlLength vsize=701.36243pt

latex2htmlLength hoffset=0.0pt

latex2htmlLength voffset=0.0pt

latex2htmlLength topmargin=0.0pt

latex2htmlLength topskip=0.00003pt

latex2htmlLength headheight=0.0pt

latex2htmlLength headsep=0.0pt

latex2htmlLength parskip=0.0pt plus 1.0pt

latex2htmlLength oddsidemargin=18.06749pt

latex2htmlLength evensidemargin=18.06749pt

LaTeX Font Info:    Try loading font information for U+msa on input line 168.

(/a/cortex.amtp.cam.ac.uk/applic/i486.linux/tetex-202/share/texmf/tex/latex/ams
fonts/umsa.fd
File: umsa.fd 2002/01/19 v2.2g AMS font definitions
)
LaTeX Font Info:    Try loading font information for U+msb on input line 168.

(/a/cortex.amtp.cam.ac.uk/applic/i486.linux/tetex-202/share/texmf/tex/latex/ams
fonts/umsb.fd
File: umsb.fd 2002/01/19 v2.2g AMS font definitions
)
l2hSize :tex2html_wrap_inline1568:7.24997pt::7.24997pt::32.72223pt.
[1



]
l2hSize :tex2html_wrap_inline1570:8.0pt::8.0pt::18.83342pt.
[2


]
l2hSize :tex2html_wrap_inline1575:6.74997pt::0.0pt::29.94444pt.
[3


]
File: mpim1b.ps Graphic file (type eps)
<mpim1b.ps>
File: mpim1b.ps Graphic file (type eps)
<mpim1b.ps>
l2hSize :figure52:199.16824pt::0.0pt::349.0pt.
[4


]
l2hSize :tex2html_wrap_inline1579:6.74997pt::0.0pt::5.50005pt.
[5


]
File: mpwoco_new.ps Graphic file (type eps)
<mpwoco_new.ps>
l2hSize :figure64:284.52606pt::0.0pt::349.0pt.
[6


]
File: maskim.eps Graphic file (type eps)
<maskim.eps>
l2hSize :figure86:284.52606pt::0.0pt::349.0pt.
[7


]
l2hSize :tex2html_wrap_inline1593:7.24997pt::7.24997pt::32.72223pt.
[8


]
l2hSize :tex2html_wrap_inline1595:6.74997pt::0.0pt::28.2779pt.
[9


]
l2hSize :tex2html_wrap_inline1601:8.0pt::8.0pt::15.50008pt.
[10


]
File: velofield.ps Graphic file (type eps)
<velofield.ps>
l2hSize :figure106:144.39676pt::0.0pt::349.0pt.
[11


]
l2hSize :tex2html_wrap_inline1606:8.0pt::8.0pt::4.38893pt.
[12


]
l2hSize :tex2html_wrap_inline1607:8.64003pt::8.64003pt::12.76396pt.
[13


]
l2hSize :tex2html_wrap_inline1608:9.37892pt::9.37892pt::21.44455pt.
[14


]
File: magnitude.ps Graphic file (type eps)
<magnitude.ps>
l2hSize :figure120:138.36041pt::0.0pt::349.0pt.
[15


]
File: vorticity.ps Graphic file (type eps)
<vorticity.ps>
l2hSize :figure131:138.11536pt::0.0pt::349.0pt.
[16


]
File: streamline.ps Graphic file (type eps)
<streamline.ps>
l2hSize :figure146:146.57616pt::0.0pt::349.0pt.
[17


]
l2hSize :tex2html_wrap_inline1623:7.33331pt::7.33331pt::9.382pt.
[18


]
l2hSize :tex2html_wrap_inline1625:7.33331pt::7.33331pt::9.382pt.
[19


]
l2hSize :tex2html_wrap_inline1627:6.83331pt::0.0pt::53.55559pt.
[20


]
l2hSize :tex2html_wrap_inline1629:9.93745pt::9.93745pt::15.09842pt.
[21


]
l2hSize :tex2html_wrap_inline1631:7.24997pt::7.24997pt::13.08006pt.
[22


]
l2hSize :tex2html_wrap_inline1633:9.93745pt::9.93745pt::15.09842pt.
[23


]
l2hSize :tex2html_wrap_indisplay1637:18.78339pt::18.78339pt::224.83183pt.
[24


]
Overfull \hbox (9.83846pt too wide) in paragraph at lines 357--357
[] 
 []

l2hSize :displaymath1639:66.92242pt::0.0pt::349.0pt.
[25


]
l2hSize :tex2html_wrap_inline1641:9.93745pt::9.93745pt::46.58925pt.
[26


]
l2hSize :tex2html_wrap_inline1643:6.74997pt::0.0pt::5.18753pt.
[27


]
l2hSize :tex2html_wrap_inline1645:6.74997pt::0.0pt::4.11115pt.
[28


]
l2hSize :tex2html_wrap_inline1647:9.93745pt::9.93745pt::79.33214pt.
[29


]
l2hSize :tex2html_wrap_inline1653:7.24997pt::7.24997pt::13.27785pt.
[30


]
l2hSize :tex2html_wrap_indisplay1655:18.78339pt::18.78339pt::207.23988pt.
[31


]
l2hSize :tex2html_wrap_inline1659:9.93745pt::9.93745pt::27.36235pt.
[32


]
l2hSize :tex2html_wrap_indisplay1665:17.21118pt::17.21118pt::320.22623pt.
[33


]
l2hSize :tex2html_wrap_inline1669:7.24997pt::7.24997pt::39.38895pt.
[34


]
l2hSize :tex2html_wrap_inline1671:6.74997pt::0.0pt::15.50008pt.
[35


]
l2hSize :tex2html_wrap_inline1673:6.74997pt::0.0pt::13.27785pt.
[36


]
l2hSize :tex2html_wrap_inline1675:6.74997pt::0.0pt::18.27786pt.
[37


]
l2hSize :tex2html_wrap_inline1679:8.0pt::8.0pt::18.83342pt.
[38


]
l2hSize :tex2html_wrap_inline1681:6.74997pt::0.0pt::6.50238pt.
[39


]
l2hSize :tex2html_wrap_inline1683:6.74997pt::0.0pt::18.72452pt.
[40


]
l2hSize :tex2html_wrap_inline1685:8.0pt::8.0pt::13.27785pt.
[41


]
l2hSize :tex2html_wrap_inline1686:7.24997pt::7.24997pt::24.9445pt.
[42


]
l2hSize :tex2html_wrap_inline1687:7.24997pt::7.24997pt::24.9445pt.
[43


]
l2hSize :tex2html_wrap_inline1688:7.24997pt::7.24997pt::24.9445pt.
[44


]
l2hSize :tex2html_wrap_inline1689:8.0pt::8.0pt::13.27785pt.
[45


]
l2hSize :tex2html_wrap_inline1696:7.24997pt::7.24997pt::24.9445pt.
[46


]
l2hSize :tex2html_wrap_inline1698:6.74997pt::0.0pt::28.8333pt.
[47


]
l2hSize :tex2html_wrap_inline1705:6.74997pt::0.0pt::13.27785pt.
[48


]
l2hSize :tex2html_wrap_inline1708:7.36111pt::7.36111pt::56.28249pt.
[49


]
l2hSize :tex2html_wrap_inline1709:8.0pt::8.0pt::35.6285pt.
[50


]
l2hSize :tex2html_wrap_indisplay1714:7.36111pt::7.36111pt::29.32056pt.
[51


]
l2hSize :tex2html_wrap_indisplay1715:8.0pt::8.0pt::84.09428pt.
[52


]
l2hSize :tex2html_wrap_indisplay1716:7.24997pt::7.24997pt::3.27782pt.
[53


]
l2hSize :tex2html_wrap_indisplay1717:8.0pt::8.0pt::79.09427pt.
[54


]
l2hSize :tex2html_wrap_inline1719:6.94444pt::0.0pt::34.77097pt.
[55


]
l2hSize :tex2html_wrap_indisplay1725:14.20952pt::14.20952pt::69.04285pt.
[56


]
l2hSize :tex2html_wrap_indisplay1727:13.70952pt::13.70952pt::237.29308pt.
[57


]
l2hSize :tex2html_wrap_indisplay1729:8.0pt::8.0pt::158.35092pt.
[58


]
l2hSize :tex2html_wrap_indisplay1731:8.0pt::8.0pt::162.3759pt.
[59


]
l2hSize :tex2html_wrap_indisplay1733:8.0pt::8.0pt::164.23979pt.
[60


]
l2hSize :tex2html_wrap_indisplay1735:13.70952pt::13.70952pt::211.50537pt.
[61


]
l2hSize :tex2html_wrap_indisplay1737:13.70952pt::13.70952pt::195.55312pt.
[62


]
l2hSize :tex2html_wrap_indisplay1739:13.70952pt::13.70952pt::219.28317pt.
[63


]
l2hSize :tex2html_wrap_indisplay1741:13.70952pt::13.70952pt::203.33092pt.
[64


]
l2hSize :tex2html_wrap_inline1750:6.83331pt::0.0pt::11.29169pt.
[65


] (./images.aux) ) 
Here is how much of TeX's memory you used:
 2124 strings out of 95847
 28524 string characters out of 1195338
 71645 words of memory out of 1000001
 5029 multiletter control sequences out of 10000+50000
 8673 words of font info for 27 fonts, out of 500000 for 1000
 14 hyphenation exceptions out of 1000
 32i,16n,24p,301b,419s stack positions out of 1500i,500n,5000p,200000b,5000s

Output written on images.dvi (65 pages, 18040 bytes).
