This is TeX, Version 3.14159 (Web2C 7.4.5) (format=latex 2003.4.22)  17 JUL 2004 18:40
**MatPIVtut
(./MatPIVtut.tex
LaTeX2e <2001/06/01>
Babel <v3.7h> and hyphenation patterns for american, french, german, ngerman, n
ohyphenation, loaded.

(/a/cortex.amtp.cam.ac.uk/applic/i486.linux/tetex-202/share/texmf/tex/latex/bas
e/book.cls
Document Class: book 2001/04/21 v1.4e Standard LaTeX document class

(/a/cortex.amtp.cam.ac.uk/applic/i486.linux/tetex-202/share/texmf/tex/latex/bas
e/bk10.clo
File: bk10.clo 2001/04/21 v1.4e Standard LaTeX file (size option)
)
\c@part=\count79
\c@chapter=\count80
\c@section=\count81
\c@subsection=\count82
\c@subsubsection=\count83
\c@paragraph=\count84
\c@subparagraph=\count85
\c@figure=\count86
\c@table=\count87
\abovecaptionskip=\skip41
\belowcaptionskip=\skip42
\bibindent=\dimen102
)
(/a/cortex.amtp.cam.ac.uk/applic/i486.linux/tetex-202/share/texmf/tex/latex/psn
fss/times.sty
Package: times 2002/09/08 PSNFSS-v9.0a (SPQR) 
)
(/a/cortex.amtp.cam.ac.uk/applic/i486.linux/tetex-202/share/texmf/tex/latex/ams
fonts/amssymb.sty
Package: amssymb 2002/01/22 v2.2d

(/a/cortex.amtp.cam.ac.uk/applic/i486.linux/tetex-202/share/texmf/tex/latex/ams
fonts/amsfonts.sty
Package: amsfonts 2001/10/25 v2.2f
\@emptytoks=\toks14
\symAMSa=\mathgroup4
\symAMSb=\mathgroup5
LaTeX Font Info:    Overwriting math alphabet `\mathfrak' in version `bold'
(Font)                  U/euf/m/n --> U/euf/b/n on input line 132.
))
(/a/cortex.amtp.cam.ac.uk/applic/i486.linux/tetex-202/share/texmf/tex/latex/ams
math/amsmath.sty
Package: amsmath 2000/07/18 v2.13 AMS math features
\@mathmargin=\skip43

For additional information on amsmath, use the `?' option.

(/a/cortex.amtp.cam.ac.uk/applic/i486.linux/tetex-202/share/texmf/tex/latex/ams
math/amstext.sty
Package: amstext 2000/06/29 v2.01

(/a/cortex.amtp.cam.ac.uk/applic/i486.linux/tetex-202/share/texmf/tex/latex/ams
math/amsgen.sty
File: amsgen.sty 1999/11/30 v2.0
\@emptytoks=\toks15
\ex@=\dimen103
))
(/a/cortex.amtp.cam.ac.uk/applic/i486.linux/tetex-202/share/texmf/tex/latex/ams
math/amsbsy.sty
Package: amsbsy 1999/11/29 v1.2d
\pmbraise@=\dimen104
)
(/a/cortex.amtp.cam.ac.uk/applic/i486.linux/tetex-202/share/texmf/tex/latex/ams
math/amsopn.sty
Package: amsopn 1999/12/14 v2.01 operator names
)
\inf@bad=\count88
LaTeX Info: Redefining \frac on input line 211.
\uproot@=\count89
\leftroot@=\count90
LaTeX Info: Redefining \overline on input line 307.
\classnum@=\count91
\DOTSCASE@=\count92
LaTeX Info: Redefining \ldots on input line 379.
LaTeX Info: Redefining \dots on input line 382.
LaTeX Info: Redefining \cdots on input line 467.
\Mathstrutbox@=\box26
\strutbox@=\box27
\big@size=\dimen105
LaTeX Font Info:    Redeclaring font encoding OML on input line 567.
LaTeX Font Info:    Redeclaring font encoding OMS on input line 568.
\macc@depth=\count93
\c@MaxMatrixCols=\count94
\dotsspace@=\muskip10
\c@parentequation=\count95
\dspbrk@lvl=\count96
\tag@help=\toks16
\row@=\count97
\column@=\count98
\maxfields@=\count99
\andhelp@=\toks17
\eqnshift@=\dimen106
\alignsep@=\dimen107
\tagshift@=\dimen108
\tagwidth@=\dimen109
\totwidth@=\dimen110
\lineht@=\dimen111
\@envbody=\toks18
\multlinegap=\skip44
\multlinetaggap=\skip45
\mathdisplay@stack=\toks19
LaTeX Info: Redefining \[ on input line 2666.
LaTeX Info: Redefining \] on input line 2667.
)
(/a/cortex.amtp.cam.ac.uk/applic/i486.linux/tetex-202/share/texmf/tex/latex/gra
phics/epsfig.sty
Package: epsfig 1999/02/16 v1.7a (e)psfig emulation (SPQR)

(/a/cortex.amtp.cam.ac.uk/applic/i486.linux/tetex-202/share/texmf/tex/latex/gra
phics/graphicx.sty
Package: graphicx 1999/02/16 v1.0f Enhanced LaTeX Graphics (DPC,SPQR)

(/a/cortex.amtp.cam.ac.uk/applic/i486.linux/tetex-202/share/texmf/tex/latex/gra
phics/keyval.sty
Package: keyval 1999/03/16 v1.13 key=value parser (DPC)
\KV@toks@=\toks20
)
(/a/cortex.amtp.cam.ac.uk/applic/i486.linux/tetex-202/share/texmf/tex/latex/gra
phics/graphics.sty
Package: graphics 2001/07/07 v1.0n Standard LaTeX Graphics (DPC,SPQR)

(/a/cortex.amtp.cam.ac.uk/applic/i486.linux/tetex-202/share/texmf/tex/latex/gra
phics/trig.sty
Package: trig 1999/03/16 v1.09 sin cos tan (DPC)
)
(/a/cortex.amtp.cam.ac.uk/applic/i486.linux/tetex-202/share/texmf/tex/latex/con
fig/graphics.cfg
File: graphics.cfg 2001/08/31 v1.1 graphics configuration of teTeX/TeXLive
)
Package graphics Info: Driver file: dvips.def on input line 80.

(/a/cortex.amtp.cam.ac.uk/applic/i486.linux/tetex-202/share/texmf/tex/latex/gra
phics/dvips.def
File: dvips.def 1999/02/16 v3.0i Driver-dependant file (DPC,SPQR)
))
\Gin@req@height=\dimen112
\Gin@req@width=\dimen113
)
\epsfxsize=\dimen114
\epsfysize=\dimen115
)
(/a/cortex.amtp.cam.ac.uk/applic/i486.linux/tetex-202/share/texmf/tex/latex/nat
bib/natbib.sty
Package: natbib 2000/07/24 7.0a (PWD)
\bibhang=\skip46
\bibsep=\skip47
LaTeX Info: Redefining \cite on input line 508.
\c@NAT@ctr=\count100
)
(/a/cortex.amtp.cam.ac.uk/applic/i486.linux/tetex-202/share/texmf/tex/latex/mis
c/a4wide.sty
Package: a4wide 1994/08/30

(/a/cortex.amtp.cam.ac.uk/applic/i486.linux/tetex-202/share/texmf/tex/latex/ntg
class/a4.sty
Package: a4 1999/03/03 v1.2f A4 based page layout
))
(/a/cortex.amtp.cam.ac.uk/applic/i486.linux/tetex-202/share/texmf/tex/latex/bas
e/t1enc.sty
Package: t1enc 1994/06/01 Standard LaTeX package
) (./MatPIVtut.aux)
\openout1 = `MatPIVtut.aux'.

LaTeX Font Info:    Checking defaults for OML/cmm/m/it on input line 17.
LaTeX Font Info:    ... okay on input line 17.
LaTeX Font Info:    Checking defaults for T1/cmr/m/n on input line 17.
LaTeX Font Info:    ... okay on input line 17.
LaTeX Font Info:    Checking defaults for OT1/cmr/m/n on input line 17.
LaTeX Font Info:    ... okay on input line 17.
LaTeX Font Info:    Checking defaults for OMS/cmsy/m/n on input line 17.
LaTeX Font Info:    ... okay on input line 17.
LaTeX Font Info:    Checking defaults for OMX/cmex/m/n on input line 17.
LaTeX Font Info:    ... okay on input line 17.
LaTeX Font Info:    Checking defaults for U/cmr/m/n on input line 17.
LaTeX Font Info:    ... okay on input line 17.
LaTeX Font Info:    Try loading font information for T1+ptm on input line 17.

(/a/cortex.amtp.cam.ac.uk/applic/i486.linux/tetex-202/share/texmf/tex/latex/psn
fss/t1ptm.fd
File: t1ptm.fd 2001/06/04 font definitions for T1/ptm.
)
LaTeX Font Info:    Font shape `T1/ptm/bx/n' in size <17.28> not available
(Font)              Font shape `T1/ptm/b/n' tried instead on input line 19.
LaTeX Font Info:    Try loading font information for U+msa on input line 19.

(/a/cortex.amtp.cam.ac.uk/applic/i486.linux/tetex-202/share/texmf/tex/latex/ams
fonts/umsa.fd
File: umsa.fd 2002/01/19 v2.2g AMS font definitions
)
LaTeX Font Info:    Try loading font information for U+msb on input line 19.

(/a/cortex.amtp.cam.ac.uk/applic/i486.linux/tetex-202/share/texmf/tex/latex/ams
fonts/umsb.fd
File: umsb.fd 2002/01/19 v2.2g AMS font definitions
) [1


] [2

]
LaTeX Font Info:    Font shape `T1/ptm/bx/n' in size <24.88> not available
(Font)              Font shape `T1/ptm/b/n' tried instead on input line 22.

Overfull \hbox (32.61981pt too wide) in paragraph at lines 32--36
[]\T1/ptm/m/n/10 The GNU Gen-eral Pub-lic Li-cense can be found on the World Wi
de Web at http://www.gnu.org/copyleft/gpl.html
 []

[3] [4

] (./MatPIVtut.toc
LaTeX Font Info:    Font shape `T1/ptm/bx/n' in size <10> not available
(Font)              Font shape `T1/ptm/b/n' tried instead on input line 1.
)
\tf@toc=\write3
\openout3 = `MatPIVtut.toc'.

 [5] [6

]
Overfull \hbox (6.39067pt too wide) in paragraph at lines 58--62
\T1/ptm/m/n/10 and up to 6.5.0. It is rec-om-mended that users have the Im-age 
pro-cess-ing tool-box, al-though a few workarounds
 []

[7] [8

]
Chapter 1.
LaTeX Font Info:    Font shape `T1/ptm/bx/n' in size <20.74> not available
(Font)              Font shape `T1/ptm/b/n' tried instead on input line 70.
LaTeX Font Info:    Font shape `T1/ptm/bx/n' in size <14.4> not available
(Font)              Font shape `T1/ptm/b/n' tried instead on input line 75.
LaTeX Font Info:    Try loading font information for T1+pcr on input line 79.

(/a/cortex.amtp.cam.ac.uk/applic/i486.linux/tetex-202/share/texmf/tex/latex/psn
fss/t1pcr.fd
File: t1pcr.fd 2001/06/04 font definitions for T1/pcr.
) [9] [10

]
Chapter 2.
File: mpim1b.ps Graphic file (type eps)
<mpim1b.ps>
File: mpim1b.ps Graphic file (type eps)
 <mpim1b.ps>
LaTeX Font Info:    Font shape `T1/ptm/bx/n' in size <12> not available
(Font)              Font shape `T1/ptm/b/n' tried instead on input line 164.
File: mpwoco_new.ps Graphic file (type eps)
 <mpwoco_new.ps> [11]
Overfull \hbox (43.41376pt too wide) in paragraph at lines 216--216
[]\T1/pcr/m/n/10 Now you need to give the physical coordinates to each of the p
oints specified![] 
 []


Overfull \hbox (1.41376pt too wide) in paragraph at lines 216--216
[] \T1/pcr/m/n/10 circle  marked in the current figure (in square parenthesis):
 [-10 10][] 
 []

[12]
Overfull \hbox (25.41376pt too wide) in paragraph at lines 245--245
[]\T1/pcr/m/n/10 * Calculating the pixel to world transformation using linear m
apping - DONE[] 
 []

File: maskim.eps Graphic file (type eps)
<maskim.eps> [13]
Overfull \hbox (13.41376pt too wide) in paragraph at lines 318--318
[] \T1/pcr/m/n/10 Global filter running - with limit: 3 *std [U V] ..... 2 vect
ors changed[] 
 []


Overfull \hbox (13.41376pt too wide) in paragraph at lines 318--318
[] \T1/pcr/m/n/10 Global filter running - with limit: 3 *std [U V] ..... 0 vect
ors changed[] 
 []


Overfull \hbox (13.41376pt too wide) in paragraph at lines 318--318
[] \T1/pcr/m/n/10 Global filter running - with limit: 3 *std [U V] ..... 1 vect
ors changed[] 
 []


Underfull \vbox (badness 4872) has occurred while \output is active []

 [14]
Overfull \hbox (13.41376pt too wide) in paragraph at lines 318--318
[] \T1/pcr/m/n/10 Global filter running - with limit: 3 *std [U V] ..... 0 vect
ors changed[] 
 []


Overfull \hbox (49.41376pt too wide) in paragraph at lines 318--318
[] \T1/pcr/m/n/10 Interpolating outliers: ...............................460 Na
n's interpolated.[] 
 []


Overfull \hbox (19.41376pt too wide) in paragraph at lines 318--318
[] \T1/pcr/m/n/10 Global filter running - with limit: 3 *std [U V] ..... 24 vec
tors changed[] 
 []


Overfull \hbox (25.41376pt too wide) in paragraph at lines 318--318
[]\T1/pcr/m/n/10 * Calculating the pixel to world transformation using linear m
apping - DONE[] 
 []

[15]
File: velofield.ps Graphic file (type eps)
 <velofield.ps>
File: magnitude.ps Graphic file (type eps)
 <magnitude.ps>
Overfull \hbox (19.41376pt too wide) in paragraph at lines 394--394
[]\T1/pcr/m/n/10 >> pcolor(x(2:end-1,2:end-1),y(2:end-1,2:end-1),w), shading fl
at, colorbar[] 
 []

File: vorticity.ps Graphic file (type eps)
<vorticity.ps> [16]
File: streamline.ps Graphic file (type eps)
 <streamline.ps> [17] [18

]
Chapter 3.
[19]
LaTeX Font Info:    Try loading font information for OMS+ptm on input line 588.


(/a/cortex.amtp.cam.ac.uk/applic/i486.linux/tetex-202/share/texmf/tex/latex/psn
fss/omsptm.fd
File: omsptm.fd 
)
LaTeX Font Info:    Font shape `OMS/ptm/m/n' in size <10> not available
(Font)              Font shape `OMS/cmsy/m/n' tried instead on input line 588.
 [20] [21] [22] [23] [24] [25]
Overfull \hbox (1.41376pt too wide) in paragraph at lines 1026--1026
[]\T1/pcr/m/n/10 maskfile='polymask.mat'; % name of file containing the pre-def
ined mask[] 
 []


Overfull \hbox (37.41376pt too wide) in paragraph at lines 1026--1026
[]\T1/pcr/m/n/10 M=length(dir('*.bmp'));  % check how many images are present i
n the directory[] 
 []

[26]
Overfull \hbox (1.41376pt too wide) in paragraph at lines 1073--1073
[]\T1/pcr/m/n/10 maskfile='polymask.mat'; % name of file containing the pre-def
ined mask[] 
 []


Overfull \hbox (55.41376pt too wide) in paragraph at lines 1073--1073
[]  \T1/pcr/m/n/10 [x,y,u,v,snr]=matpiv(A(i).cdata,A(i+1).cdata,wins,T,0.5,met,
woco,maskfile);'])[] 
 []

[27]
Overfull \hbox (13.41376pt too wide) in paragraph at lines 1101--1101
[]\T1/pcr/m/n/10 wocofile='Demo1/worldco.mat'; %file containting the mapping fr
om image to[] 
 []

(./MatPIVtut.bbl [28]) [29

] (./MatPIVtut.aux) ) 
Here is how much of TeX's memory you used:
 1903 strings out of 95847
 24730 string characters out of 1195338
 72160 words of memory out of 1000001
 4797 multiletter control sequences out of 10000+50000
 43719 words of font info for 64 fonts, out of 500000 for 1000
 14 hyphenation exceptions out of 1000
 32i,15n,24p,227b,358s stack positions out of 1500i,500n,5000p,200000b,5000s

Output written on MatPIVtut.dvi (29 pages, 73816 bytes).
